<?xml version="1.0" encoding="UTF-8"?>
<testng-results ignored="0" total="2" passed="2" failed="0" skipped="0">
  <reporter-output>
  </reporter-output>
  <suite started-at="2024-12-16T15:58:44 IST" name="Suite" finished-at="2024-12-16T15:58:58 IST" duration-ms="13390">
    <groups>
      <group name="sanity">
        <method signature="TC002_LoginTest.verify_login()[pri:0, instance:TestCase.TC002_LoginTest@7a1234bf]" name="verify_login" class="TestCase.TC002_LoginTest"/>
      </group> <!-- sanity -->
      <group name="master">
        <method signature="TC002_LoginTest.verify_login()[pri:0, instance:TestCase.TC002_LoginTest@7a1234bf]" name="verify_login" class="TestCase.TC002_LoginTest"/>
      </group> <!-- master -->
    </groups>
    <test started-at="2024-12-16T15:58:44 IST" name="Test" finished-at="2024-12-16T15:58:58 IST" duration-ms="13390">
      <class name="TestCase.TC002_LoginTest">
        <test-method is-config="true" signature="setup(java.lang.String,java.lang.String)[pri:0, instance:TestCase.TC002_LoginTest@7a1234bf]" started-at="2024-12-16T15:58:45 IST" name="setup" finished-at="2024-12-16T15:58:53 IST" duration-ms="8269" status="PASS">
          <params>
            <param index="0">
              <value>
                <![CDATA[windows]]>
              </value>
            </param>
            <param index="1">
              <value>
                <![CDATA[chrome]]>
              </value>
            </param>
          </params>
          <reporter-output>
          </reporter-output>
        </test-method> <!-- setup -->
        <test-method signature="verify_login()[pri:0, instance:TestCase.TC002_LoginTest@7a1234bf]" started-at="2024-12-16T15:58:53 IST" name="verify_login" finished-at="2024-12-16T15:58:58 IST" duration-ms="4718" status="PASS">
          <reporter-output>
          </reporter-output>
        </test-method> <!-- verify_login -->
        <test-method is-config="true" signature="teardown()[pri:0, instance:TestCase.TC002_LoginTest@7a1234bf]" started-at="2024-12-16T15:58:58 IST" name="teardown" finished-at="2024-12-16T15:58:58 IST" duration-ms="202" status="PASS">
          <reporter-output>
          </reporter-output>
        </test-method> <!-- teardown -->
      </class> <!-- TestCase.TC002_LoginTest -->
    </test> <!-- Test -->
  </suite> <!-- Suite -->
  <suite started-at="2024-12-16T15:58:58 IST" name="Suite (0)" finished-at="2024-12-16T15:59:09 IST" duration-ms="10628">
    <groups>
      <group name="regression">
        <method signature="TC001_AccountRegistrationTest.Verify_account_registration()[pri:0, instance:TestCase.TC001_AccountRegistrationTest@8ad6665]" name="Verify_account_registration" class="TestCase.TC001_AccountRegistrationTest"/>
      </group> <!-- regression -->
      <group name="master">
        <method signature="TC001_AccountRegistrationTest.Verify_account_registration()[pri:0, instance:TestCase.TC001_AccountRegistrationTest@8ad6665]" name="Verify_account_registration" class="TestCase.TC001_AccountRegistrationTest"/>
      </group> <!-- master -->
    </groups>
    <test started-at="2024-12-16T15:58:58 IST" name="Test" finished-at="2024-12-16T15:59:09 IST" duration-ms="10628">
      <class name="TestCase.TC001_AccountRegistrationTest">
        <test-method is-config="true" signature="setup(java.lang.String,java.lang.String)[pri:0, instance:TestCase.TC001_AccountRegistrationTest@8ad6665]" started-at="2024-12-16T15:58:58 IST" name="setup" finished-at="2024-12-16T15:59:06 IST" duration-ms="8340" status="PASS">
          <params>
            <param index="0">
              <value>
                <![CDATA[windows]]>
              </value>
            </param>
            <param index="1">
              <value>
                <![CDATA[chrome]]>
              </value>
            </param>
          </params>
          <reporter-output>
          </reporter-output>
        </test-method> <!-- setup -->
        <test-method signature="Verify_account_registration()[pri:0, instance:TestCase.TC001_AccountRegistrationTest@8ad6665]" started-at="2024-12-16T15:59:06 IST" name="Verify_account_registration" finished-at="2024-12-16T15:59:09 IST" duration-ms="2106" status="PASS">
          <reporter-output>
          </reporter-output>
        </test-method> <!-- Verify_account_registration -->
        <test-method is-config="true" signature="teardown()[pri:0, instance:TestCase.TC001_AccountRegistrationTest@8ad6665]" started-at="2024-12-16T15:59:09 IST" name="teardown" finished-at="2024-12-16T15:59:09 IST" duration-ms="177" status="PASS">
          <reporter-output>
          </reporter-output>
        </test-method> <!-- teardown -->
      </class> <!-- TestCase.TC001_AccountRegistrationTest -->
    </test> <!-- Test -->
  </suite> <!-- Suite (0) -->
</testng-results>
