<?xml version="1.0" encoding="UTF-8"?>
<!-- Generated by org.testng.reporters.JUnitXMLReporter -->
<testsuite ignored="2" hostname="VishnuKrishnan" failures="0" tests="1" name="Test" time="10.628" errors="0" timestamp="2024-12-16T15:59:09 IST">
  <testcase classname="TestCase.TC001_AccountRegistrationTest" name="Verify_account_registration" time="2.106"/>
  <testcase classname="TestCase.TC002_LoginTest" name="verify_login" time="0.0">
    <ignored/>
  </testcase> <!-- verify_login -->
  <testcase classname="TestCase.TC003_LoginTestDDT" name="verify_loginDDT" time="0.0">
    <ignored/>
  </testcase> <!-- verify_loginDDT -->
</testsuite> <!-- Test -->
